# JRE version: Java(TM) SE Runtime Environment (8.0_65-b17) (build 1.8.0_65-b17)
# Java VM: Java HotSpot(TM) 64-Bit Server VM (25.65-b01 mixed mode windows-amd64 compressed oops)
Heap:
 PSYoungGen      total 322048K, used 24144K [0x00000000eb200000, 0x00000000fff80000, 0x0000000100000000)
  eden space 302080K, 7% used [0x00000000eb200000,0x00000000ec9942a0,0x00000000fd900000)
  from space 19968K, 0% used [0x00000000fd900000,0x00000000fd900000,0x00000000fec80000)
  to   space 19456K, 0% used [0x00000000fec80000,0x00000000fec80000,0x00000000fff80000)
 ParOldGen       total 104448K, used 29014K [0x00000000c1600000, 0x00000000c7c00000, 0x00000000eb200000)
  object space 104448K, 27% used [0x00000000c1600000,0x00000000c3255b78,0x00000000c7c00000)
 Metaspace       used 55961K, capacity 56776K, committed 57048K, reserved 1099776K
  class space    used 6972K, capacity 7154K, committed 7168K, reserved 1048576K
GC Heap History (10 events):
Event: 42.252 GC heap before
{Heap before GC invocations=15 (full 2):
 PSYoungGen      total 284160K, used 272384K [0x00000000eb200000, 0x00000000fdc80000, 0x0000000100000000)
  eden space 272384K, 100% used [0x00000000eb200000,0x00000000fbc00000,0x00000000fbc00000)
  from space 11776K, 0% used [0x00000000fc800000,0x00000000fc800000,0x00000000fd380000)
  to   space 12288K, 0% used [0x00000000fbc00000,0x00000000fbc00000,0x00000000fc800000)
 ParOldGen       total 60416K, used 24706K [0x00000000c1600000, 0x00000000c5100000, 0x00000000eb200000)
  object space 60416K, 40% used [0x00000000c1600000,0x00000000c2e20a00,0x00000000c5100000)
 Metaspace       used 47509K, capacity 48150K, committed 48344K, reserved 1091584K
  class space    used 5920K, capacity 6098K, committed 6144K, reserved 1048576K
Event: 42.322 GC heap after
Heap after GC invocations=15 (full 2):
 PSYoungGen      total 284672K, used 12256K [0x00000000eb200000, 0x0000000100000000, 0x0000000100000000)
  eden space 272384K, 0% used [0x00000000eb200000,0x00000000eb200000,0x00000000fbc00000)
  from space 12288K, 99% used [0x00000000fbc00000,0x00000000fc7f8030,0x00000000fc800000)
  to   space 19456K, 0% used [0x00000000fed00000,0x00000000fed00000,0x0000000100000000)
 ParOldGen       total 60416K, used 39008K [0x00000000c1600000, 0x00000000c5100000, 0x00000000eb200000)
  object space 60416K, 64% used [0x00000000c1600000,0x00000000c3c18070,0x00000000c5100000)
 Metaspace       used 47509K, capacity 48150K, committed 48344K, reserved 1091584K
  class space    used 5920K, capacity 6098K, committed 6144K, reserved 1048576K
}
Event: 105.889 GC heap before
{Heap before GC invocations=16 (full 2):
 PSYoungGen      total 284672K, used 284640K [0x00000000eb200000, 0x0000000100000000, 0x0000000100000000)
  eden space 272384K, 100% used [0x00000000eb200000,0x00000000fbc00000,0x00000000fbc00000)
  from space 12288K, 99% used [0x00000000fbc00000,0x00000000fc7f8030,0x00000000fc800000)
  to   space 19456K, 0% used [0x00000000fed00000,0x00000000fed00000,0x0000000100000000)
 ParOldGen       total 60416K, used 39008K [0x00000000c1600000, 0x00000000c5100000, 0x00000000eb200000)
  object space 60416K, 64% used [0x00000000c1600000,0x00000000c3c18070,0x00000000c5100000)
 Metaspace       used 52495K, capacity 53270K, committed 53336K, reserved 1095680K
  class space    used 6557K, capacity 6718K, committed 6784K, reserved 1048576K
Event: 105.967 GC heap after
Heap after GC invocations=16 (full 2):
 PSYoungGen      total 321536K, used 12521K [0x00000000eb200000, 0x0000000100000000, 0x0000000100000000)
  eden space 302080K, 0% used [0x00000000eb200000,0x00000000eb200000,0x00000000fd900000)
  from space 19456K, 64% used [0x00000000fed00000,0x00000000ff93a520,0x0000000100000000)
  to   space 19968K, 0% used [0x00000000fd900000,0x00000000fd900000,0x00000000fec80000)
 ParOldGen       total 60416K, used 51293K [0x00000000c1600000, 0x00000000c5100000, 0x00000000eb200000)
  object space 60416K, 84% used [0x00000000c1600000,0x00000000c4817528,0x00000000c5100000)
 Metaspace       used 52495K, capacity 53270K, committed 53336K, reserved 1095680K
  class space    used 6557K, capacity 6718K, committed 6784K, reserved 1048576K
}
Event: 105.967 GC heap before
{Heap before GC invocations=17 (full 3):
 PSYoungGen      total 321536K, used 12521K [0x00000000eb200000, 0x0000000100000000, 0x0000000100000000)
  eden space 302080K, 0% used [0x00000000eb200000,0x00000000eb200000,0x00000000fd900000)
  from space 19456K, 64% used [0x00000000fed00000,0x00000000ff93a520,0x0000000100000000)
  to   space 19968K, 0% used [0x00000000fd900000,0x00000000fd900000,0x00000000fec80000)
 ParOldGen       total 60416K, used 51293K [0x00000000c1600000, 0x00000000c5100000, 0x00000000eb200000)
  object space 60416K, 84% used [0x00000000c1600000,0x00000000c4817528,0x00000000c5100000)
 Metaspace       used 52495K, capacity 53270K, committed 53336K, reserved 1095680K
  class space    used 6557K, capacity 6718K, committed 6784K, reserved 1048576K
Event: 106.405 GC heap after
Heap after GC invocations=17 (full 3):
 PSYoungGen      total 321536K, used 0K [0x00000000eb200000, 0x0000000100000000, 0x0000000100000000)
  eden space 302080K, 0% used [0x00000000eb200000,0x00000000eb200000,0x00000000fd900000)
  from space 19456K, 0% used [0x00000000fed00000,0x00000000fed00000,0x0000000100000000)
  to   space 19968K, 0% used [0x00000000fd900000,0x00000000fd900000,0x00000000fec80000)
 ParOldGen       total 104448K, used 52898K [0x00000000c1600000, 0x00000000c7c00000, 0x00000000eb200000)
  object space 104448K, 50% used [0x00000000c1600000,0x00000000c49a89c8,0x00000000c7c00000)
 Metaspace       used 52352K, capacity 53042K, committed 53336K, reserved 1095680K
  class space    used 6536K, capacity 6680K, committed 6784K, reserved 1048576K
}
Event: 217.839 GC heap before
{Heap before GC invocations=18 (full 3):
 PSYoungGen      total 321536K, used 137068K [0x00000000eb200000, 0x0000000100000000, 0x0000000100000000)
  eden space 302080K, 45% used [0x00000000eb200000,0x00000000f37db028,0x00000000fd900000)
  from space 19456K, 0% used [0x00000000fed00000,0x00000000fed00000,0x0000000100000000)
  to   space 19968K, 0% used [0x00000000fd900000,0x00000000fd900000,0x00000000fec80000)
 ParOldGen       total 104448K, used 52898K [0x00000000c1600000, 0x00000000c7c00000, 0x00000000eb200000)
  object space 104448K, 50% used [0x00000000c1600000,0x00000000c49a89c8,0x00000000c7c00000)
 Metaspace       used 55937K, capacity 56770K, committed 57048K, reserved 1099776K
  class space    used 6970K, capacity 7153K, committed 7168K, reserved 1048576K
Event: 217.850 GC heap after
Heap after GC invocations=18 (full 3):
 PSYoungGen      total 322048K, used 3743K [0x00000000eb200000, 0x00000000fff80000, 0x0000000100000000)
  eden space 302080K, 0% used [0x00000000eb200000,0x00000000eb200000,0x00000000fd900000)
  from space 19968K, 18% used [0x00000000fd900000,0x00000000fdca7eb0,0x00000000fec80000)
  to   space 19456K, 0% used [0x00000000fec80000,0x00000000fec80000,0x00000000fff80000)
 ParOldGen       total 104448K, used 52906K [0x00000000c1600000, 0x00000000c7c00000, 0x00000000eb200000)
  object space 104448K, 50% used [0x00000000c1600000,0x00000000c49aa9c8,0x00000000c7c00000)
 Metaspace       used 55937K, capacity 56770K, committed 57048K, reserved 1099776K
  class space    used 6970K, capacity 7153K, committed 7168K, reserved 1048576K
}
Event: 217.851 GC heap before
{Heap before GC invocations=19 (full 4):
 PSYoungGen      total 322048K, used 3743K [0x00000000eb200000, 0x00000000fff80000, 0x0000000100000000)
  eden space 302080K, 0% used [0x00000000eb200000,0x00000000eb200000,0x00000000fd900000)
  from space 19968K, 18% used [0x00000000fd900000,0x00000000fdca7eb0,0x00000000fec80000)
  to   space 19456K, 0% used [0x00000000fec80000,0x00000000fec80000,0x00000000fff80000)
 ParOldGen       total 104448K, used 52906K [0x00000000c1600000, 0x00000000c7c00000, 0x00000000eb200000)
  object space 104448K, 50% used [0x00000000c1600000,0x00000000c49aa9c8,0x00000000c7c00000)
 Metaspace       used 55937K, capacity 56770K, committed 57048K, reserved 1099776K
  class space    used 6970K, capacity 7153K, committed 7168K, reserved 1048576K
Event: 218.355 GC heap after
Heap after GC invocations=19 (full 4):
 PSYoungGen      total 322048K, used 0K [0x00000000eb200000, 0x00000000fff80000, 0x0000000100000000)
  eden space 302080K, 0% used [0x00000000eb200000,0x00000000eb200000,0x00000000fd900000)
  from space 19968K, 0% used [0x00000000fd900000,0x00000000fd900000,0x00000000fec80000)
  to   space 19456K, 0% used [0x00000000fec80000,0x00000000fec80000,0x00000000fff80000)
 ParOldGen       total 104448K, used 29014K [0x00000000c1600000, 0x00000000c7c00000, 0x00000000eb200000)
  object space 104448K, 27% used [0x00000000c1600000,0x00000000c3255b78,0x00000000c7c00000)
 Metaspace       used 55935K, capacity 56764K, committed 57048K, reserved 1099776K
  class space    used 6969K, capacity 7151K, committed 7168K, reserved 1048576K
}

