# JRE version: Java(TM) SE Runtime Environment (8.0_65-b17) (build 1.8.0_65-b17)
# Java VM: Java HotSpot(TM) 64-Bit Server VM (25.65-b01 mixed mode windows-amd64 compressed oops)
Heap:
 PSYoungGen      total 311808K, used 5168K [0x00000000eb200000, 0x0000000100000000, 0x0000000100000000)
  eden space 280576K, 0% used [0x00000000eb200000,0x00000000eb200000,0x00000000fc400000)
  from space 31232K, 16% used [0x00000000fe180000,0x00000000fe68c090,0x0000000100000000)
  to   space 30208K, 0% used [0x00000000fc400000,0x00000000fc400000,0x00000000fe180000)
 ParOldGen       total 181248K, used 133176K [0x00000000c1600000, 0x00000000cc700000, 0x00000000eb200000)
  object space 181248K, 73% used [0x00000000c1600000,0x00000000c980e298,0x00000000cc700000)
 Metaspace       used 247549K, capacity 254938K, committed 255064K, reserved 1282048K
  class space    used 21167K, capacity 22600K, committed 22656K, reserved 1048576K
GC Heap History (10 events):
Event: 10676.655 GC heap after
Heap after GC invocations=300 (full 55):
 PSYoungGen      total 309248K, used 5040K [0x00000000eb200000, 0x0000000100000000, 0x0000000100000000)
  eden space 276480K, 0% used [0x00000000eb200000,0x00000000eb200000,0x00000000fc000000)
  from space 32768K, 15% used [0x00000000fc000000,0x00000000fc4ec090,0x00000000fe000000)
  to   space 32256K, 0% used [0x00000000fe080000,0x00000000fe080000,0x0000000100000000)
 ParOldGen       total 181248K, used 136381K [0x00000000c1600000, 0x00000000cc700000, 0x00000000eb200000)
  object space 181248K, 75% used [0x00000000c1600000,0x00000000c9b2f458,0x00000000cc700000)
 Metaspace       used 244374K, capacity 251718K, committed 251992K, reserved 1280000K
  class space    used 20940K, capacity 22375K, committed 22400K, reserved 1048576K
}
Event: 10676.655 GC heap before
{Heap before GC invocations=301 (full 56):
 PSYoungGen      total 309248K, used 5040K [0x00000000eb200000, 0x0000000100000000, 0x0000000100000000)
  eden space 276480K, 0% used [0x00000000eb200000,0x00000000eb200000,0x00000000fc000000)
  from space 32768K, 15% used [0x00000000fc000000,0x00000000fc4ec090,0x00000000fe000000)
  to   space 32256K, 0% used [0x00000000fe080000,0x00000000fe080000,0x0000000100000000)
 ParOldGen       total 181248K, used 136381K [0x00000000c1600000, 0x00000000cc700000, 0x00000000eb200000)
  object space 181248K, 75% used [0x00000000c1600000,0x00000000c9b2f458,0x00000000cc700000)
 Metaspace       used 244374K, capacity 251718K, committed 251992K, reserved 1280000K
  class space    used 20940K, capacity 22375K, committed 22400K, reserved 1048576K
Event: 10678.684 GC heap after
Heap after GC invocations=301 (full 56):
 PSYoungGen      total 309248K, used 0K [0x00000000eb200000, 0x0000000100000000, 0x0000000100000000)
  eden space 276480K, 0% used [0x00000000eb200000,0x00000000eb200000,0x00000000fc000000)
  from space 32768K, 0% used [0x00000000fc000000,0x00000000fc000000,0x00000000fe000000)
  to   space 32256K, 0% used [0x00000000fe080000,0x00000000fe080000,0x0000000100000000)
 ParOldGen       total 181248K, used 133176K [0x00000000c1600000, 0x00000000cc700000, 0x00000000eb200000)
  object space 181248K, 73% used [0x00000000c1600000,0x00000000c980e298,0x00000000cc700000)
 Metaspace       used 244196K, capacity 251430K, committed 251992K, reserved 1280000K
  class space    used 20914K, capacity 22325K, committed 22400K, reserved 1048576K
}
Event: 10692.415 GC heap before
{Heap before GC invocations=302 (full 56):
 PSYoungGen      total 309248K, used 276480K [0x00000000eb200000, 0x0000000100000000, 0x0000000100000000)
  eden space 276480K, 100% used [0x00000000eb200000,0x00000000fc000000,0x00000000fc000000)
  from space 32768K, 0% used [0x00000000fc000000,0x00000000fc000000,0x00000000fe000000)
  to   space 32256K, 0% used [0x00000000fe080000,0x00000000fe080000,0x0000000100000000)
 ParOldGen       total 181248K, used 133176K [0x00000000c1600000, 0x00000000cc700000, 0x00000000eb200000)
  object space 181248K, 73% used [0x00000000c1600000,0x00000000c980e298,0x00000000cc700000)
 Metaspace       used 244439K, capacity 251710K, committed 252120K, reserved 1280000K
  class space    used 20960K, capacity 22397K, committed 22528K, reserved 1048576K
Event: 10692.437 GC heap after
Heap after GC invocations=302 (full 56):
 PSYoungGen      total 304640K, used 9432K [0x00000000eb200000, 0x00000000ffb80000, 0x0000000100000000)
  eden space 276992K, 0% used [0x00000000eb200000,0x00000000eb200000,0x00000000fc080000)
  from space 27648K, 34% used [0x00000000fe080000,0x00000000fe9b6300,0x00000000ffb80000)
  to   space 30208K, 0% used [0x00000000fc080000,0x00000000fc080000,0x00000000fde00000)
 ParOldGen       total 181248K, used 133176K [0x00000000c1600000, 0x00000000cc700000, 0x00000000eb200000)
  object space 181248K, 73% used [0x00000000c1600000,0x00000000c980e298,0x00000000cc700000)
 Metaspace       used 244439K, capacity 251710K, committed 252120K, reserved 1280000K
  class space    used 20960K, capacity 22397K, committed 22528K, reserved 1048576K
}
Event: 10695.637 GC heap before
{Heap before GC invocations=303 (full 56):
 PSYoungGen      total 304640K, used 286424K [0x00000000eb200000, 0x00000000ffb80000, 0x0000000100000000)
  eden space 276992K, 100% used [0x00000000eb200000,0x00000000fc080000,0x00000000fc080000)
  from space 27648K, 34% used [0x00000000fe080000,0x00000000fe9b6300,0x00000000ffb80000)
  to   space 30208K, 0% used [0x00000000fc080000,0x00000000fc080000,0x00000000fde00000)
 ParOldGen       total 181248K, used 133176K [0x00000000c1600000, 0x00000000cc700000, 0x00000000eb200000)
  object space 181248K, 73% used [0x00000000c1600000,0x00000000c980e298,0x00000000cc700000)
 Metaspace       used 245479K, capacity 252772K, committed 253272K, reserved 1280000K
  class space    used 21055K, capacity 22494K, committed 22656K, reserved 1048576K
Event: 10695.690 GC heap after
Heap after GC invocations=303 (full 56):
 PSYoungGen      total 307200K, used 18263K [0x00000000eb200000, 0x0000000100000000, 0x0000000100000000)
  eden space 276992K, 0% used [0x00000000eb200000,0x00000000eb200000,0x00000000fc080000)
  from space 30208K, 60% used [0x00000000fc080000,0x00000000fd255d58,0x00000000fde00000)
  to   space 31232K, 0% used [0x00000000fe180000,0x00000000fe180000,0x0000000100000000)
 ParOldGen       total 181248K, used 133176K [0x00000000c1600000, 0x00000000cc700000, 0x00000000eb200000)
  object space 181248K, 73% used [0x00000000c1600000,0x00000000c980e298,0x00000000cc700000)
 Metaspace       used 245479K, capacity 252772K, committed 253272K, reserved 1280000K
  class space    used 21055K, capacity 22494K, committed 22656K, reserved 1048576K
}
Event: 10707.801 GC heap before
{Heap before GC invocations=304 (full 56):
 PSYoungGen      total 307200K, used 248454K [0x00000000eb200000, 0x0000000100000000, 0x0000000100000000)
  eden space 276992K, 83% used [0x00000000eb200000,0x00000000f92cbd10,0x00000000fc080000)
  from space 30208K, 60% used [0x00000000fc080000,0x00000000fd255d58,0x00000000fde00000)
  to   space 31232K, 0% used [0x00000000fe180000,0x00000000fe180000,0x0000000100000000)
 ParOldGen       total 181248K, used 133176K [0x00000000c1600000, 0x00000000cc700000, 0x00000000eb200000)
  object space 181248K, 73% used [0x00000000c1600000,0x00000000c980e298,0x00000000cc700000)
 Metaspace       used 247549K, capacity 254938K, committed 255064K, reserved 1282048K
  class space    used 21167K, capacity 22600K, committed 22656K, reserved 1048576K
Event: 10707.816 GC heap after
Heap after GC invocations=304 (full 56):
 PSYoungGen      total 311808K, used 5168K [0x00000000eb200000, 0x0000000100000000, 0x0000000100000000)
  eden space 280576K, 0% used [0x00000000eb200000,0x00000000eb200000,0x00000000fc400000)
  from space 31232K, 16% used [0x00000000fe180000,0x00000000fe68c090,0x0000000100000000)
  to   space 30208K, 0% used [0x00000000fc400000,0x00000000fc400000,0x00000000fe180000)
 ParOldGen       total 181248K, used 133176K [0x00000000c1600000, 0x00000000cc700000, 0x00000000eb200000)
  object space 181248K, 73% used [0x00000000c1600000,0x00000000c980e298,0x00000000cc700000)
 Metaspace       used 247549K, capacity 254938K, committed 255064K, reserved 1282048K
  class space    used 21167K, capacity 22600K, committed 22656K, reserved 1048576K
}
Event: 10707.816 GC heap before
{Heap before GC invocations=305 (full 57):
 PSYoungGen      total 311808K, used 5168K [0x00000000eb200000, 0x0000000100000000, 0x0000000100000000)
  eden space 280576K, 0% used [0x00000000eb200000,0x00000000eb200000,0x00000000fc400000)
  from space 31232K, 16% used [0x00000000fe180000,0x00000000fe68c090,0x0000000100000000)
  to   space 30208K, 0% used [0x00000000fc400000,0x00000000fc400000,0x00000000fe180000)
 ParOldGen       total 181248K, used 133176K [0x00000000c1600000, 0x00000000cc700000, 0x00000000eb200000)
  object space 181248K, 73% used [0x00000000c1600000,0x00000000c980e298,0x00000000cc700000)
 Metaspace       used 247549K, capacity 254938K, committed 255064K, reserved 1282048K
  class space    used 21167K, capacity 22600K, committed 22656K, reserved 1048576K

