# JRE version: Java(TM) SE Runtime Environment (8.0_65-b17) (build 1.8.0_65-b17)
# Java VM: Java HotSpot(TM) 64-Bit Server VM (25.65-b01 mixed mode windows-amd64 compressed oops)
Heap:
 PSYoungGen      total 176128K, used 131770K [0x00000000eb200000, 0x00000000f8480000, 0x0000000100000000)
  eden space 150016K, 77% used [0x00000000eb200000,0x00000000f22f7ce0,0x00000000f4480000)
  from space 26112K, 61% used [0x00000000f6b00000,0x00000000f7ab6ce8,0x00000000f8480000)
  to   space 32768K, 42% used [0x00000000f4480000,0x00000000f52131c8,0x00000000f6480000)
 ParOldGen       total 433152K, used 395303K [0x00000000c1600000, 0x00000000dbd00000, 0x00000000eb200000)
  object space 433152K, 91% used [0x00000000c1600000,0x00000000d9809fb0,0x00000000dbd00000)
 Metaspace       used 74502K, capacity 76686K, committed 76760K, reserved 1118208K
  class space    used 8285K, capacity 8691K, committed 8704K, reserved 1048576K
GC Heap History (10 events):
Event: 6050.895 GC heap after
Heap after GC invocations=57 (full 7):
 PSYoungGen      total 204288K, used 18718K [0x00000000eb200000, 0x00000000f9880000, 0x0000000100000000)
  eden space 176640K, 0% used [0x00000000eb200000,0x00000000eb200000,0x00000000f5e80000)
  from space 27648K, 67% used [0x00000000f7c00000,0x00000000f8e47b90,0x00000000f9700000)
  to   space 29696K, 0% used [0x00000000f5e80000,0x00000000f5e80000,0x00000000f7b80000)
 ParOldGen       total 98816K, used 61042K [0x00000000c1600000, 0x00000000c7680000, 0x00000000eb200000)
  object space 98816K, 61% used [0x00000000c1600000,0x00000000c519cb78,0x00000000c7680000)
 Metaspace       used 73686K, capacity 75678K, committed 75992K, reserved 1116160K
  class space    used 8215K, capacity 8586K, committed 8704K, reserved 1048576K
}
Event: 6278.171 GC heap before
{Heap before GC invocations=58 (full 7):
 PSYoungGen      total 204288K, used 195358K [0x00000000eb200000, 0x00000000f9880000, 0x0000000100000000)
  eden space 176640K, 100% used [0x00000000eb200000,0x00000000f5e80000,0x00000000f5e80000)
  from space 27648K, 67% used [0x00000000f7c00000,0x00000000f8e47b90,0x00000000f9700000)
  to   space 29696K, 0% used [0x00000000f5e80000,0x00000000f5e80000,0x00000000f7b80000)
 ParOldGen       total 98816K, used 61042K [0x00000000c1600000, 0x00000000c7680000, 0x00000000eb200000)
  object space 98816K, 61% used [0x00000000c1600000,0x00000000c519cb78,0x00000000c7680000)
 Metaspace       used 73864K, capacity 75950K, committed 76248K, reserved 1116160K
  class space    used 8233K, capacity 8610K, committed 8704K, reserved 1048576K
Event: 6278.216 GC heap after
Heap after GC invocations=58 (full 7):
 PSYoungGen      total 188928K, used 19276K [0x00000000eb200000, 0x00000000f9480000, 0x0000000100000000)
  eden space 169472K, 0% used [0x00000000eb200000,0x00000000eb200000,0x00000000f5780000)
  from space 19456K, 99% used [0x00000000f5e80000,0x00000000f7153308,0x00000000f7180000)
  to   space 31232K, 0% used [0x00000000f7600000,0x00000000f7600000,0x00000000f9480000)
 ParOldGen       total 98816K, used 61050K [0x00000000c1600000, 0x00000000c7680000, 0x00000000eb200000)
  object space 98816K, 61% used [0x00000000c1600000,0x00000000c519eb78,0x00000000c7680000)
 Metaspace       used 73864K, capacity 75950K, committed 76248K, reserved 1116160K
  class space    used 8233K, capacity 8610K, committed 8704K, reserved 1048576K
}
Event: 6486.071 GC heap before
{Heap before GC invocations=59 (full 7):
 PSYoungGen      total 188928K, used 188748K [0x00000000eb200000, 0x00000000f9480000, 0x0000000100000000)
  eden space 169472K, 100% used [0x00000000eb200000,0x00000000f5780000,0x00000000f5780000)
  from space 19456K, 99% used [0x00000000f5e80000,0x00000000f7153308,0x00000000f7180000)
  to   space 31232K, 0% used [0x00000000f7600000,0x00000000f7600000,0x00000000f9480000)
 ParOldGen       total 98816K, used 61050K [0x00000000c1600000, 0x00000000c7680000, 0x00000000eb200000)
  object space 98816K, 61% used [0x00000000c1600000,0x00000000c519eb78,0x00000000c7680000)
 Metaspace       used 73906K, capacity 75974K, committed 76248K, reserved 1116160K
  class space    used 8235K, capacity 8614K, committed 8704K, reserved 1048576K
Event: 6486.125 GC heap after
Heap after GC invocations=59 (full 7):
 PSYoungGen      total 189440K, used 19372K [0x00000000eb200000, 0x00000000f9000000, 0x0000000100000000)
  eden space 162816K, 0% used [0x00000000eb200000,0x00000000eb200000,0x00000000f5100000)
  from space 26624K, 72% used [0x00000000f7600000,0x00000000f88eb308,0x00000000f9000000)
  to   space 32256K, 0% used [0x00000000f5100000,0x00000000f5100000,0x00000000f7080000)
 ParOldGen       total 98816K, used 61058K [0x00000000c1600000, 0x00000000c7680000, 0x00000000eb200000)
  object space 98816K, 61% used [0x00000000c1600000,0x00000000c51a0b78,0x00000000c7680000)
 Metaspace       used 73906K, capacity 75974K, committed 76248K, reserved 1116160K
  class space    used 8235K, capacity 8614K, committed 8704K, reserved 1048576K
}
Event: 6673.304 GC heap before
{Heap before GC invocations=60 (full 7):
 PSYoungGen      total 189440K, used 182188K [0x00000000eb200000, 0x00000000f9000000, 0x0000000100000000)
  eden space 162816K, 100% used [0x00000000eb200000,0x00000000f5100000,0x00000000f5100000)
  from space 26624K, 72% used [0x00000000f7600000,0x00000000f88eb308,0x00000000f9000000)
  to   space 32256K, 0% used [0x00000000f5100000,0x00000000f5100000,0x00000000f7080000)
 ParOldGen       total 98816K, used 61058K [0x00000000c1600000, 0x00000000c7680000, 0x00000000eb200000)
  object space 98816K, 61% used [0x00000000c1600000,0x00000000c51a0b78,0x00000000c7680000)
 Metaspace       used 74065K, capacity 76138K, committed 76248K, reserved 1116160K
  class space    used 8246K, capacity 8620K, committed 8704K, reserved 1048576K
Event: 6673.355 GC heap after
Heap after GC invocations=60 (full 7):
 PSYoungGen      total 175616K, used 19454K [0x00000000eb200000, 0x00000000f8b80000, 0x0000000100000000)
  eden space 156160K, 0% used [0x00000000eb200000,0x00000000eb200000,0x00000000f4a80000)
  from space 19456K, 99% used [0x00000000f5100000,0x00000000f63ffbd0,0x00000000f6400000)
  to   space 33280K, 0% used [0x00000000f6b00000,0x00000000f6b00000,0x00000000f8b80000)
 ParOldGen       total 98816K, used 61066K [0x00000000c1600000, 0x00000000c7680000, 0x00000000eb200000)
  object space 98816K, 61% used [0x00000000c1600000,0x00000000c51a2b78,0x00000000c7680000)
 Metaspace       used 74065K, capacity 76138K, committed 76248K, reserved 1116160K
  class space    used 8246K, capacity 8620K, committed 8704K, reserved 1048576K
}
Event: 6848.279 GC heap before
{Heap before GC invocations=61 (full 7):
 PSYoungGen      total 175616K, used 175614K [0x00000000eb200000, 0x00000000f8b80000, 0x0000000100000000)
  eden space 156160K, 100% used [0x00000000eb200000,0x00000000f4a80000,0x00000000f4a80000)
  from space 19456K, 99% used [0x00000000f5100000,0x00000000f63ffbd0,0x00000000f6400000)
  to   space 33280K, 0% used [0x00000000f6b00000,0x00000000f6b00000,0x00000000f8b80000)
 ParOldGen       total 98816K, used 61066K [0x00000000c1600000, 0x00000000c7680000, 0x00000000eb200000)
  object space 98816K, 61% used [0x00000000c1600000,0x00000000c51a2b78,0x00000000c7680000)
 Metaspace       used 74396K, capacity 76552K, committed 76760K, reserved 1118208K
  class space    used 8282K, capacity 8689K, committed 8704K, reserved 1048576K
Event: 6848.317 GC heap after
Heap after GC invocations=61 (full 7):
 PSYoungGen      total 176128K, used 16091K [0x00000000eb200000, 0x00000000f8480000, 0x0000000100000000)
  eden space 150016K, 0% used [0x00000000eb200000,0x00000000eb200000,0x00000000f4480000)
  from space 26112K, 61% used [0x00000000f6b00000,0x00000000f7ab6ce8,0x00000000f8480000)
  to   space 32768K, 0% used [0x00000000f4480000,0x00000000f4480000,0x00000000f6480000)
 ParOldGen       total 98816K, used 61074K [0x00000000c1600000, 0x00000000c7680000, 0x00000000eb200000)
  object space 98816K, 61% used [0x00000000c1600000,0x00000000c51a4b78,0x00000000c7680000)
 Metaspace       used 74396K, capacity 76552K, committed 76760K, reserved 1118208K
  class space    used 8282K, capacity 8689K, committed 8704K, reserved 1048576K
}
Event: 6978.993 GC heap before
{Heap before GC invocations=62 (full 7):
 PSYoungGen      total 176128K, used 131770K [0x00000000eb200000, 0x00000000f8480000, 0x0000000100000000)
  eden space 150016K, 77% used [0x00000000eb200000,0x00000000f22f7ce0,0x00000000f4480000)
  from space 26112K, 61% used [0x00000000f6b00000,0x00000000f7ab6ce8,0x00000000f8480000)
  to   space 32768K, 0% used [0x00000000f4480000,0x00000000f4480000,0x00000000f6480000)
 ParOldGen       total 98816K, used 61074K [0x00000000c1600000, 0x00000000c7680000, 0x00000000eb200000)
  object space 98816K, 61% used [0x00000000c1600000,0x00000000c51a4b78,0x00000000c7680000)
 Metaspace       used 74502K, capacity 76686K, committed 76760K, reserved 1118208K
  class space    used 8285K, capacity 8691K, committed 8704K, reserved 1048576K

