# JRE version: Java(TM) SE Runtime Environment (8.0_65-b17) (build 1.8.0_65-b17)
# Java VM: Java HotSpot(TM) 64-Bit Server VM (25.65-b01 mixed mode windows-amd64 compressed oops)
Heap:
 PSYoungGen      total 301568K, used 301200K [0x00000000eb200000, 0x00000000ff200000, 0x0000000100000000)
  eden space 290816K, 100% used [0x00000000eb200000,0x00000000fce00000,0x00000000fce00000)
  from space 10752K, 96% used [0x00000000fdb00000,0x00000000fe5240e0,0x00000000fe580000)
  to   space 12800K, 74% used [0x00000000fe580000,0x00000000feec40e0,0x00000000ff200000)
 ParOldGen       total 64512K, used 46155K [0x00000000c1600000, 0x00000000c5500000, 0x00000000eb200000)
  object space 64512K, 71% used [0x00000000c1600000,0x00000000c4312df8,0x00000000c5500000)
 Metaspace       used 56093K, capacity 57002K, committed 57128K, reserved 1099776K
  class space    used 6979K, capacity 7174K, committed 7208K, reserved 1048576K
GC Heap History (10 events):
Event: 12.019 GC heap after
Heap after GC invocations=15 (full 2):
 PSYoungGen      total 248832K, used 11240K [0x00000000eb200000, 0x00000000ff580000, 0x0000000100000000)
  eden space 237568K, 0% used [0x00000000eb200000,0x00000000eb200000,0x00000000f9a00000)
  from space 11264K, 99% used [0x00000000f9a00000,0x00000000fa4fa040,0x00000000fa500000)
  to   space 17408K, 0% used [0x00000000fe480000,0x00000000fe480000,0x00000000ff580000)
 ParOldGen       total 64512K, used 35640K [0x00000000c1600000, 0x00000000c5500000, 0x00000000eb200000)
  object space 64512K, 55% used [0x00000000c1600000,0x00000000c38ce130,0x00000000c5500000)
 Metaspace       used 46651K, capacity 47316K, committed 47528K, reserved 1091584K
  class space    used 5852K, capacity 6033K, committed 6056K, reserved 1048576K
}
Event: 49.429 GC heap before
{Heap before GC invocations=16 (full 2):
 PSYoungGen      total 248832K, used 248808K [0x00000000eb200000, 0x00000000ff580000, 0x0000000100000000)
  eden space 237568K, 100% used [0x00000000eb200000,0x00000000f9a00000,0x00000000f9a00000)
  from space 11264K, 99% used [0x00000000f9a00000,0x00000000fa4fa040,0x00000000fa500000)
  to   space 17408K, 0% used [0x00000000fe480000,0x00000000fe480000,0x00000000ff580000)
 ParOldGen       total 64512K, used 35640K [0x00000000c1600000, 0x00000000c5500000, 0x00000000eb200000)
  object space 64512K, 55% used [0x00000000c1600000,0x00000000c38ce130,0x00000000c5500000)
 Metaspace       used 52337K, capacity 53124K, committed 53416K, reserved 1095680K
  class space    used 6621K, capacity 6805K, committed 6824K, reserved 1048576K
Event: 49.497 GC heap after
Heap after GC invocations=16 (full 2):
 PSYoungGen      total 301056K, used 12842K [0x00000000eb200000, 0x00000000ff180000, 0x0000000100000000)
  eden space 287744K, 0% used [0x00000000eb200000,0x00000000eb200000,0x00000000fcb00000)
  from space 13312K, 96% used [0x00000000fe480000,0x00000000ff10a900,0x00000000ff180000)
  to   space 18432K, 0% used [0x00000000fcd80000,0x00000000fcd80000,0x00000000fdf80000)
 ParOldGen       total 64512K, used 46131K [0x00000000c1600000, 0x00000000c5500000, 0x00000000eb200000)
  object space 64512K, 71% used [0x00000000c1600000,0x00000000c430cdf8,0x00000000c5500000)
 Metaspace       used 52337K, capacity 53124K, committed 53416K, reserved 1095680K
  class space    used 6621K, capacity 6805K, committed 6824K, reserved 1048576K
}
Event: 403.196 GC heap before
{Heap before GC invocations=17 (full 2):
 PSYoungGen      total 301056K, used 300586K [0x00000000eb200000, 0x00000000ff180000, 0x0000000100000000)
  eden space 287744K, 100% used [0x00000000eb200000,0x00000000fcb00000,0x00000000fcb00000)
  from space 13312K, 96% used [0x00000000fe480000,0x00000000ff10a900,0x00000000ff180000)
  to   space 18432K, 0% used [0x00000000fcd80000,0x00000000fcd80000,0x00000000fdf80000)
 ParOldGen       total 64512K, used 46131K [0x00000000c1600000, 0x00000000c5500000, 0x00000000eb200000)
  object space 64512K, 71% used [0x00000000c1600000,0x00000000c430cdf8,0x00000000c5500000)
 Metaspace       used 56086K, capacity 57002K, committed 57128K, reserved 1099776K
  class space    used 6979K, capacity 7174K, committed 7208K, reserved 1048576K
Event: 403.287 GC heap after
Heap after GC invocations=17 (full 2):
 PSYoungGen      total 308736K, used 12518K [0x00000000eb200000, 0x0000000100000000, 0x0000000100000000)
  eden space 290304K, 0% used [0x00000000eb200000,0x00000000eb200000,0x00000000fcd80000)
  from space 18432K, 67% used [0x00000000fcd80000,0x00000000fd9b9b48,0x00000000fdf80000)
  to   space 18944K, 0% used [0x00000000fed80000,0x00000000fed80000,0x0000000100000000)
 ParOldGen       total 64512K, used 46139K [0x00000000c1600000, 0x00000000c5500000, 0x00000000eb200000)
  object space 64512K, 71% used [0x00000000c1600000,0x00000000c430edf8,0x00000000c5500000)
 Metaspace       used 56086K, capacity 57002K, committed 57128K, reserved 1099776K
  class space    used 6979K, capacity 7174K, committed 7208K, reserved 1048576K
}
Event: 875.446 GC heap before
{Heap before GC invocations=18 (full 2):
 PSYoungGen      total 308736K, used 302822K [0x00000000eb200000, 0x0000000100000000, 0x0000000100000000)
  eden space 290304K, 100% used [0x00000000eb200000,0x00000000fcd80000,0x00000000fcd80000)
  from space 18432K, 67% used [0x00000000fcd80000,0x00000000fd9b9b48,0x00000000fdf80000)
  to   space 18944K, 0% used [0x00000000fed80000,0x00000000fed80000,0x0000000100000000)
 ParOldGen       total 64512K, used 46139K [0x00000000c1600000, 0x00000000c5500000, 0x00000000eb200000)
  object space 64512K, 71% used [0x00000000c1600000,0x00000000c430edf8,0x00000000c5500000)
 Metaspace       used 56087K, capacity 57002K, committed 57128K, reserved 1099776K
  class space    used 6979K, capacity 7174K, committed 7208K, reserved 1048576K
Event: 875.489 GC heap after
Heap after GC invocations=18 (full 2):
 PSYoungGen      total 323072K, used 10400K [0x00000000eb200000, 0x0000000100000000, 0x0000000100000000)
  eden space 304128K, 0% used [0x00000000eb200000,0x00000000eb200000,0x00000000fdb00000)
  from space 18944K, 54% used [0x00000000fed80000,0x00000000ff7a80f0,0x0000000100000000)
  to   space 18944K, 0% used [0x00000000fdb00000,0x00000000fdb00000,0x00000000fed80000)
 ParOldGen       total 64512K, used 46147K [0x00000000c1600000, 0x00000000c5500000, 0x00000000eb200000)
  object space 64512K, 71% used [0x00000000c1600000,0x00000000c4310df8,0x00000000c5500000)
 Metaspace       used 56087K, capacity 57002K, committed 57128K, reserved 1099776K
  class space    used 6979K, capacity 7174K, committed 7208K, reserved 1048576K
}
Event: 1378.152 GC heap before
{Heap before GC invocations=19 (full 2):
 PSYoungGen      total 323072K, used 314528K [0x00000000eb200000, 0x0000000100000000, 0x0000000100000000)
  eden space 304128K, 100% used [0x00000000eb200000,0x00000000fdb00000,0x00000000fdb00000)
  from space 18944K, 54% used [0x00000000fed80000,0x00000000ff7a80f0,0x0000000100000000)
  to   space 18944K, 0% used [0x00000000fdb00000,0x00000000fdb00000,0x00000000fed80000)
 ParOldGen       total 64512K, used 46147K [0x00000000c1600000, 0x00000000c5500000, 0x00000000eb200000)
  object space 64512K, 71% used [0x00000000c1600000,0x00000000c4310df8,0x00000000c5500000)
 Metaspace       used 56092K, capacity 57002K, committed 57128K, reserved 1099776K
  class space    used 6979K, capacity 7174K, committed 7208K, reserved 1048576K
Event: 1378.186 GC heap after
Heap after GC invocations=19 (full 2):
 PSYoungGen      total 301568K, used 10384K [0x00000000eb200000, 0x00000000ff200000, 0x0000000100000000)
  eden space 290816K, 0% used [0x00000000eb200000,0x00000000eb200000,0x00000000fce00000)
  from space 10752K, 96% used [0x00000000fdb00000,0x00000000fe5240e0,0x00000000fe580000)
  to   space 12800K, 0% used [0x00000000fe580000,0x00000000fe580000,0x00000000ff200000)
 ParOldGen       total 64512K, used 46155K [0x00000000c1600000, 0x00000000c5500000, 0x00000000eb200000)
  object space 64512K, 71% used [0x00000000c1600000,0x00000000c4312df8,0x00000000c5500000)
 Metaspace       used 56092K, capacity 57002K, committed 57128K, reserved 1099776K
  class space    used 6979K, capacity 7174K, committed 7208K, reserved 1048576K
}
Event: 1863.744 GC heap before
{Heap before GC invocations=20 (full 2):
 PSYoungGen      total 301568K, used 301200K [0x00000000eb200000, 0x00000000ff200000, 0x0000000100000000)
  eden space 290816K, 100% used [0x00000000eb200000,0x00000000fce00000,0x00000000fce00000)
  from space 10752K, 96% used [0x00000000fdb00000,0x00000000fe5240e0,0x00000000fe580000)
  to   space 12800K, 0% used [0x00000000fe580000,0x00000000fe580000,0x00000000ff200000)
 ParOldGen       total 64512K, used 46155K [0x00000000c1600000, 0x00000000c5500000, 0x00000000eb200000)
  object space 64512K, 71% used [0x00000000c1600000,0x00000000c4312df8,0x00000000c5500000)
 Metaspace       used 56093K, capacity 57002K, committed 57128K, reserved 1099776K
  class space    used 6979K, capacity 7174K, committed 7208K, reserved 1048576K

